<?xml version="1.0" encoding="UTF-8"?>
<testng-results skipped="0" failed="0" ignored="0" total="1" passed="1">
  <reporter-output>
  </reporter-output>
  <suite name="Default suite" duration-ms="7986" started-at="2019-09-28T07:18:25Z" finished-at="2019-09-28T07:18:33Z">
    <groups>
    </groups>
    <test name="Default test" duration-ms="7986" started-at="2019-09-28T07:18:25Z" finished-at="2019-09-28T07:18:33Z">
      <class name="GetGoggleAPI">
        <test-method status="PASS" signature="googleGetRestAPI()[pri:0, instance:GetGoggleAPI@3e6fa38a]" name="googleGetRestAPI" duration-ms="7886" started-at="2019-09-28T07:18:25Z" finished-at="2019-09-28T07:18:33Z">
          <reporter-output>
          </reporter-output>
        </test-method> <!-- googleGetRestAPI -->
      </class> <!-- GetGoggleAPI -->
    </test> <!-- Default test -->
  </suite> <!-- Default suite -->
</testng-results>
